1709829094458:h
1709829097208:df
1709829120123:hello
1709829406000:hello-world
1709829416134:hello-world mohsen
1709830569260:create
1709833330675:help
1709835623765:create-p mohsen
1709841930121:help
1709841939495:list-p
1709841955750:create-a
1709841974583:create-p
1709841982641:create-p mohsen
1709841986346:list-p
1709842165782:create-p
1709842176305:create-p judah
1709842182571:list-p
1709842415303:create-a 1 12345
1709842439740:stacktrace
1709842490430:create-a 1 12345L
1709842503110:create-a 1,12345L
1709842509866:create-a 1,12345
1709842518826:create-a 1 12345
1709842650326:list-p
1709842659649:create-a 1 12345
1709842678936:stacktrace
1709843086564:list-p
1709843096288:create-a 1 123
1709843104804:stacktrace
1709843197339:list-p
1709843203817:create-a 1 123
1709843730492:list-p
1709843744533:create-a 2 123
1709843830081:list-p
1709843835982:create-a 1 123
1709843961106:list-p
1709844068801:create-a 1 123
